执行日期：2020-04-27-11：33：16
【接收到的notify通知】:
<xml><appid><![CDATA[wx534cd1670acc5e63]]></appid>
<bank_type><![CDATA[OTHERS]]></bank_type>
<cash_fee><![CDATA[1]]></cash_fee>
<fee_type><![CDATA[CNY]]></fee_type>
<is_subscribe><![CDATA[N]]></is_subscribe>
<mch_id><![CDATA[1493535482]]></mch_id>
<nonce_str><![CDATA[65y5popu8rxpfld41m6odr82gwd4t17z]]></nonce_str>
<openid><![CDATA[oz3yA5r9mdbnQSLlUzBtehGfW3lA]]></openid>
<out_trade_no><![CDATA[VK2020042704325858749OID12]]></out_trade_no>
<result_code><![CDATA[SUCCESS]]></result_code>
<return_code><![CDATA[SUCCESS]]></return_code>
<sign><![CDATA[4E0F4C63A5FD9F8E293FF0982CFE5B78]]></sign>
<time_end><![CDATA[20200427113315]]></time_end>
<total_fee>1</total_fee>
<trade_type><![CDATA[NATIVE]]></trade_type>
<transaction_id><![CDATA[4200000549202004275738794121]]></transaction_id>
</xml>


执行日期：2020-04-27-11：33：16
【支付成功】:
<xml><appid><![CDATA[wx534cd1670acc5e63]]></appid>
<bank_type><![CDATA[OTHERS]]></bank_type>
<cash_fee><![CDATA[1]]></cash_fee>
<fee_type><![CDATA[CNY]]></fee_type>
<is_subscribe><![CDATA[N]]></is_subscribe>
<mch_id><![CDATA[1493535482]]></mch_id>
<nonce_str><![CDATA[65y5popu8rxpfld41m6odr82gwd4t17z]]></nonce_str>
<openid><![CDATA[oz3yA5r9mdbnQSLlUzBtehGfW3lA]]></openid>
<out_trade_no><![CDATA[VK2020042704325858749OID12]]></out_trade_no>
<result_code><![CDATA[SUCCESS]]></result_code>
<return_code><![CDATA[SUCCESS]]></return_code>
<sign><![CDATA[4E0F4C63A5FD9F8E293FF0982CFE5B78]]></sign>
<time_end><![CDATA[20200427113315]]></time_end>
<total_fee>1</total_fee>
<trade_type><![CDATA[NATIVE]]></trade_type>
<transaction_id><![CDATA[4200000549202004275738794121]]></transaction_id>
</xml>


执行日期：2020-04-27-11：34：24
【接收到的notify通知】:
<xml><appid><![CDATA[wx534cd1670acc5e63]]></appid>
<bank_type><![CDATA[OTHERS]]></bank_type>
<cash_fee><![CDATA[1]]></cash_fee>
<fee_type><![CDATA[CNY]]></fee_type>
<is_subscribe><![CDATA[N]]></is_subscribe>
<mch_id><![CDATA[1493535482]]></mch_id>
<nonce_str><![CDATA[2uvj0vsgodw1px42ed5cycgilr7i8zmc]]></nonce_str>
<openid><![CDATA[oz3yA5r9mdbnQSLlUzBtehGfW3lA]]></openid>
<out_trade_no><![CDATA[VK2020042704295869556OID12]]></out_trade_no>
<result_code><![CDATA[SUCCESS]]></result_code>
<return_code><![CDATA[SUCCESS]]></return_code>
<sign><![CDATA[2D41B8EE7D8ACF5FD85947C76394AA27]]></sign>
<time_end><![CDATA[20200427113021]]></time_end>
<total_fee>1</total_fee>
<trade_type><![CDATA[NATIVE]]></trade_type>
<transaction_id><![CDATA[4200000543202004272708048157]]></transaction_id>
</xml>


执行日期：2020-04-27-11：34：24
【支付成功】:
<xml><appid><![CDATA[wx534cd1670acc5e63]]></appid>
<bank_type><![CDATA[OTHERS]]></bank_type>
<cash_fee><![CDATA[1]]></cash_fee>
<fee_type><![CDATA[CNY]]></fee_type>
<is_subscribe><![CDATA[N]]></is_subscribe>
<mch_id><![CDATA[1493535482]]></mch_id>
<nonce_str><![CDATA[2uvj0vsgodw1px42ed5cycgilr7i8zmc]]></nonce_str>
<openid><![CDATA[oz3yA5r9mdbnQSLlUzBtehGfW3lA]]></openid>
<out_trade_no><![CDATA[VK2020042704295869556OID12]]></out_trade_no>
<result_code><![CDATA[SUCCESS]]></result_code>
<return_code><![CDATA[SUCCESS]]></return_code>
<sign><![CDATA[2D41B8EE7D8ACF5FD85947C76394AA27]]></sign>
<time_end><![CDATA[20200427113021]]></time_end>
<total_fee>1</total_fee>
<trade_type><![CDATA[NATIVE]]></trade_type>
<transaction_id><![CDATA[4200000543202004272708048157]]></transaction_id>
</xml>


执行日期：2020-04-27-11：40：12
【接收到的notify通知】:
<xml><appid><![CDATA[wx534cd1670acc5e63]]></appid>
<bank_type><![CDATA[OTHERS]]></bank_type>
<cash_fee><![CDATA[10]]></cash_fee>
<fee_type><![CDATA[CNY]]></fee_type>
<is_subscribe><![CDATA[N]]></is_subscribe>
<mch_id><![CDATA[1493535482]]></mch_id>
<nonce_str><![CDATA[sfgbo3b6nxtu00d717igr38mo9zqjtqc]]></nonce_str>
<openid><![CDATA[oz3yA5r9mdbnQSLlUzBtehGfW3lA]]></openid>
<out_trade_no><![CDATA[VK2020042704392637237OID11]]></out_trade_no>
<result_code><![CDATA[SUCCESS]]></result_code>
<return_code><![CDATA[SUCCESS]]></return_code>
<sign><![CDATA[BB4C37A109F6727F1F9B066937931A62]]></sign>
<time_end><![CDATA[20200427114012]]></time_end>
<total_fee>10</total_fee>
<trade_type><![CDATA[NATIVE]]></trade_type>
<transaction_id><![CDATA[4200000537202004276516092647]]></transaction_id>
</xml>


执行日期：2020-04-27-11：40：12
【支付成功】:
<xml><appid><![CDATA[wx534cd1670acc5e63]]></appid>
<bank_type><![CDATA[OTHERS]]></bank_type>
<cash_fee><![CDATA[10]]></cash_fee>
<fee_type><![CDATA[CNY]]></fee_type>
<is_subscribe><![CDATA[N]]></is_subscribe>
<mch_id><![CDATA[1493535482]]></mch_id>
<nonce_str><![CDATA[sfgbo3b6nxtu00d717igr38mo9zqjtqc]]></nonce_str>
<openid><![CDATA[oz3yA5r9mdbnQSLlUzBtehGfW3lA]]></openid>
<out_trade_no><![CDATA[VK2020042704392637237OID11]]></out_trade_no>
<result_code><![CDATA[SUCCESS]]></result_code>
<return_code><![CDATA[SUCCESS]]></return_code>
<sign><![CDATA[BB4C37A109F6727F1F9B066937931A62]]></sign>
<time_end><![CDATA[20200427114012]]></time_end>
<total_fee>10</total_fee>
<trade_type><![CDATA[NATIVE]]></trade_type>
<transaction_id><![CDATA[4200000537202004276516092647]]></transaction_id>
</xml>


执行日期：2020-04-27-11：43：17
【接收到的notify通知】:
<xml><appid><![CDATA[wx534cd1670acc5e63]]></appid>
<bank_type><![CDATA[OTHERS]]></bank_type>
<cash_fee><![CDATA[10]]></cash_fee>
<fee_type><![CDATA[CNY]]></fee_type>
<is_subscribe><![CDATA[N]]></is_subscribe>
<mch_id><![CDATA[1493535482]]></mch_id>
<nonce_str><![CDATA[ganca2iozo1ihrk0nmvtp08hgthuzr0o]]></nonce_str>
<openid><![CDATA[oz3yA5r9mdbnQSLlUzBtehGfW3lA]]></openid>
<out_trade_no><![CDATA[VK2020042704423884453OID11]]></out_trade_no>
<result_code><![CDATA[SUCCESS]]></result_code>
<return_code><![CDATA[SUCCESS]]></return_code>
<sign><![CDATA[89F9DDF27A0F4C96591B7840BA26DF64]]></sign>
<time_end><![CDATA[20200427114316]]></time_end>
<total_fee>10</total_fee>
<trade_type><![CDATA[NATIVE]]></trade_type>
<transaction_id><![CDATA[4200000534202004274234839212]]></transaction_id>
</xml>


执行日期：2020-04-27-11：43：17
【支付成功】:
<xml><appid><![CDATA[wx534cd1670acc5e63]]></appid>
<bank_type><![CDATA[OTHERS]]></bank_type>
<cash_fee><![CDATA[10]]></cash_fee>
<fee_type><![CDATA[CNY]]></fee_type>
<is_subscribe><![CDATA[N]]></is_subscribe>
<mch_id><![CDATA[1493535482]]></mch_id>
<nonce_str><![CDATA[ganca2iozo1ihrk0nmvtp08hgthuzr0o]]></nonce_str>
<openid><![CDATA[oz3yA5r9mdbnQSLlUzBtehGfW3lA]]></openid>
<out_trade_no><![CDATA[VK2020042704423884453OID11]]></out_trade_no>
<result_code><![CDATA[SUCCESS]]></result_code>
<return_code><![CDATA[SUCCESS]]></return_code>
<sign><![CDATA[89F9DDF27A0F4C96591B7840BA26DF64]]></sign>
<time_end><![CDATA[20200427114316]]></time_end>
<total_fee>10</total_fee>
<trade_type><![CDATA[NATIVE]]></trade_type>
<transaction_id><![CDATA[4200000534202004274234839212]]></transaction_id>
</xml>


执行日期：2020-04-27-11：47：18
【接收到的notify通知】:
<xml><appid><![CDATA[wx534cd1670acc5e63]]></appid>
<bank_type><![CDATA[OTHERS]]></bank_type>
<cash_fee><![CDATA[10]]></cash_fee>
<fee_type><![CDATA[CNY]]></fee_type>
<is_subscribe><![CDATA[N]]></is_subscribe>
<mch_id><![CDATA[1493535482]]></mch_id>
<nonce_str><![CDATA[vxc8tpq0r0jawyghgihdkhdlqsba6qmx]]></nonce_str>
<openid><![CDATA[oz3yA5r9mdbnQSLlUzBtehGfW3lA]]></openid>
<out_trade_no><![CDATA[VK2020042704465573444OID11]]></out_trade_no>
<result_code><![CDATA[SUCCESS]]></result_code>
<return_code><![CDATA[SUCCESS]]></return_code>
<sign><![CDATA[6320EE5D48EF3CC708BAEF7B98A6CA86]]></sign>
<time_end><![CDATA[20200427114717]]></time_end>
<total_fee>10</total_fee>
<trade_type><![CDATA[NATIVE]]></trade_type>
<transaction_id><![CDATA[4200000531202004270836191878]]></transaction_id>
</xml>


执行日期：2020-04-27-11：47：18
【支付成功】:
<xml><appid><![CDATA[wx534cd1670acc5e63]]></appid>
<bank_type><![CDATA[OTHERS]]></bank_type>
<cash_fee><![CDATA[10]]></cash_fee>
<fee_type><![CDATA[CNY]]></fee_type>
<is_subscribe><![CDATA[N]]></is_subscribe>
<mch_id><![CDATA[1493535482]]></mch_id>
<nonce_str><![CDATA[vxc8tpq0r0jawyghgihdkhdlqsba6qmx]]></nonce_str>
<openid><![CDATA[oz3yA5r9mdbnQSLlUzBtehGfW3lA]]></openid>
<out_trade_no><![CDATA[VK2020042704465573444OID11]]></out_trade_no>
<result_code><![CDATA[SUCCESS]]></result_code>
<return_code><![CDATA[SUCCESS]]></return_code>
<sign><![CDATA[6320EE5D48EF3CC708BAEF7B98A6CA86]]></sign>
<time_end><![CDATA[20200427114717]]></time_end>
<total_fee>10</total_fee>
<trade_type><![CDATA[NATIVE]]></trade_type>
<transaction_id><![CDATA[4200000531202004270836191878]]></transaction_id>
</xml>


执行日期：2020-05-12-17：47：02
【接收到的notify通知】:
<xml><appid><![CDATA[wx534cd1670acc5e63]]></appid>
<bank_type><![CDATA[CMB_CREDIT]]></bank_type>
<cash_fee><![CDATA[10]]></cash_fee>
<fee_type><![CDATA[CNY]]></fee_type>
<is_subscribe><![CDATA[Y]]></is_subscribe>
<mch_id><![CDATA[1493535482]]></mch_id>
<nonce_str><![CDATA[0bh2ktmivmm6bw05asz77n6zbli76851]]></nonce_str>
<openid><![CDATA[oz3yA5h7kJ7A32doIYmgYSnTup7Q]]></openid>
<out_trade_no><![CDATA[VK2020051205464509905OID20]]></out_trade_no>
<result_code><![CDATA[SUCCESS]]></result_code>
<return_code><![CDATA[SUCCESS]]></return_code>
<sign><![CDATA[A989014A8A11893F0B9DFA8FB3E3DDEC]]></sign>
<time_end><![CDATA[20200512174701]]></time_end>
<total_fee>10</total_fee>
<trade_type><![CDATA[NATIVE]]></trade_type>
<transaction_id><![CDATA[4200000534202005123528758425]]></transaction_id>
</xml>


执行日期：2020-05-12-17：47：02
【支付成功】:
<xml><appid><![CDATA[wx534cd1670acc5e63]]></appid>
<bank_type><![CDATA[CMB_CREDIT]]></bank_type>
<cash_fee><![CDATA[10]]></cash_fee>
<fee_type><![CDATA[CNY]]></fee_type>
<is_subscribe><![CDATA[Y]]></is_subscribe>
<mch_id><![CDATA[1493535482]]></mch_id>
<nonce_str><![CDATA[0bh2ktmivmm6bw05asz77n6zbli76851]]></nonce_str>
<openid><![CDATA[oz3yA5h7kJ7A32doIYmgYSnTup7Q]]></openid>
<out_trade_no><![CDATA[VK2020051205464509905OID20]]></out_trade_no>
<result_code><![CDATA[SUCCESS]]></result_code>
<return_code><![CDATA[SUCCESS]]></return_code>
<sign><![CDATA[A989014A8A11893F0B9DFA8FB3E3DDEC]]></sign>
<time_end><![CDATA[20200512174701]]></time_end>
<total_fee>10</total_fee>
<trade_type><![CDATA[NATIVE]]></trade_type>
<transaction_id><![CDATA[4200000534202005123528758425]]></transaction_id>
</xml>


执行日期：2020-05-13-09：24：45
【接收到的notify通知】:
<xml><appid><![CDATA[wx534cd1670acc5e63]]></appid>
<bank_type><![CDATA[CMB_CREDIT]]></bank_type>
<cash_fee><![CDATA[1]]></cash_fee>
<fee_type><![CDATA[CNY]]></fee_type>
<is_subscribe><![CDATA[Y]]></is_subscribe>
<mch_id><![CDATA[1493535482]]></mch_id>
<nonce_str><![CDATA[r8xgilssfqj2zwkuwwl1xfcz2eyrua81]]></nonce_str>
<openid><![CDATA[oz3yA5h7kJ7A32doIYmgYSnTup7Q]]></openid>
<out_trade_no><![CDATA[VK2020051305242782065OID35]]></out_trade_no>
<result_code><![CDATA[SUCCESS]]></result_code>
<return_code><![CDATA[SUCCESS]]></return_code>
<sign><![CDATA[D498DD0FC8E52893416C877EDBADEF05]]></sign>
<time_end><![CDATA[20200513092444]]></time_end>
<total_fee>1</total_fee>
<trade_type><![CDATA[NATIVE]]></trade_type>
<transaction_id><![CDATA[4200000526202005135938901039]]></transaction_id>
</xml>


执行日期：2020-05-13-09：24：45
【支付成功】:
<xml><appid><![CDATA[wx534cd1670acc5e63]]></appid>
<bank_type><![CDATA[CMB_CREDIT]]></bank_type>
<cash_fee><![CDATA[1]]></cash_fee>
<fee_type><![CDATA[CNY]]></fee_type>
<is_subscribe><![CDATA[Y]]></is_subscribe>
<mch_id><![CDATA[1493535482]]></mch_id>
<nonce_str><![CDATA[r8xgilssfqj2zwkuwwl1xfcz2eyrua81]]></nonce_str>
<openid><![CDATA[oz3yA5h7kJ7A32doIYmgYSnTup7Q]]></openid>
<out_trade_no><![CDATA[VK2020051305242782065OID35]]></out_trade_no>
<result_code><![CDATA[SUCCESS]]></result_code>
<return_code><![CDATA[SUCCESS]]></return_code>
<sign><![CDATA[D498DD0FC8E52893416C877EDBADEF05]]></sign>
<time_end><![CDATA[20200513092444]]></time_end>
<total_fee>1</total_fee>
<trade_type><![CDATA[NATIVE]]></trade_type>
<transaction_id><![CDATA[4200000526202005135938901039]]></transaction_id>
</xml>


执行日期：2020-05-13-11：52：20
【接收到的notify通知】:
<xml><appid><![CDATA[wx534cd1670acc5e63]]></appid>
<bank_type><![CDATA[CMB_CREDIT]]></bank_type>
<cash_fee><![CDATA[1]]></cash_fee>
<fee_type><![CDATA[CNY]]></fee_type>
<is_subscribe><![CDATA[Y]]></is_subscribe>
<mch_id><![CDATA[1493535482]]></mch_id>
<nonce_str><![CDATA[7zvvfoal629so06rl66qv9yugukvyz5q]]></nonce_str>
<openid><![CDATA[oz3yA5h7kJ7A32doIYmgYSnTup7Q]]></openid>
<out_trade_no><![CDATA[VK2020051305515561758OID37]]></out_trade_no>
<result_code><![CDATA[SUCCESS]]></result_code>
<return_code><![CDATA[SUCCESS]]></return_code>
<sign><![CDATA[7D3F7566AC175DAB55457565F8671A15]]></sign>
<time_end><![CDATA[20200513115219]]></time_end>
<total_fee>1</total_fee>
<trade_type><![CDATA[NATIVE]]></trade_type>
<transaction_id><![CDATA[4200000541202005136408340876]]></transaction_id>
</xml>


执行日期：2020-05-13-11：52：20
【支付成功】:
<xml><appid><![CDATA[wx534cd1670acc5e63]]></appid>
<bank_type><![CDATA[CMB_CREDIT]]></bank_type>
<cash_fee><![CDATA[1]]></cash_fee>
<fee_type><![CDATA[CNY]]></fee_type>
<is_subscribe><![CDATA[Y]]></is_subscribe>
<mch_id><![CDATA[1493535482]]></mch_id>
<nonce_str><![CDATA[7zvvfoal629so06rl66qv9yugukvyz5q]]></nonce_str>
<openid><![CDATA[oz3yA5h7kJ7A32doIYmgYSnTup7Q]]></openid>
<out_trade_no><![CDATA[VK2020051305515561758OID37]]></out_trade_no>
<result_code><![CDATA[SUCCESS]]></result_code>
<return_code><![CDATA[SUCCESS]]></return_code>
<sign><![CDATA[7D3F7566AC175DAB55457565F8671A15]]></sign>
<time_end><![CDATA[20200513115219]]></time_end>
<total_fee>1</total_fee>
<trade_type><![CDATA[NATIVE]]></trade_type>
<transaction_id><![CDATA[4200000541202005136408340876]]></transaction_id>
</xml>


执行日期：2020-05-14-10：57：51
【接收到的notify通知】:
<xml><appid><![CDATA[wx534cd1670acc5e63]]></appid>
<bank_type><![CDATA[CMB_CREDIT]]></bank_type>
<cash_fee><![CDATA[1]]></cash_fee>
<fee_type><![CDATA[CNY]]></fee_type>
<is_subscribe><![CDATA[Y]]></is_subscribe>
<mch_id><![CDATA[1493535482]]></mch_id>
<nonce_str><![CDATA[sxucn96br8zl7q1bk9li8kmh23a37cih]]></nonce_str>
<openid><![CDATA[oz3yA5h7kJ7A32doIYmgYSnTup7Q]]></openid>
<out_trade_no><![CDATA[VK2020051410565515284KID105655]]></out_trade_no>
<result_code><![CDATA[SUCCESS]]></result_code>
<return_code><![CDATA[SUCCESS]]></return_code>
<sign><![CDATA[21801E482D93D2CF46734F222CBB9334]]></sign>
<time_end><![CDATA[20200514105750]]></time_end>
<total_fee>1</total_fee>
<trade_type><![CDATA[NATIVE]]></trade_type>
<transaction_id><![CDATA[4200000522202005146540050278]]></transaction_id>
</xml>


执行日期：2020-05-14-10：57：51
【支付成功】:
<xml><appid><![CDATA[wx534cd1670acc5e63]]></appid>
<bank_type><![CDATA[CMB_CREDIT]]></bank_type>
<cash_fee><![CDATA[1]]></cash_fee>
<fee_type><![CDATA[CNY]]></fee_type>
<is_subscribe><![CDATA[Y]]></is_subscribe>
<mch_id><![CDATA[1493535482]]></mch_id>
<nonce_str><![CDATA[sxucn96br8zl7q1bk9li8kmh23a37cih]]></nonce_str>
<openid><![CDATA[oz3yA5h7kJ7A32doIYmgYSnTup7Q]]></openid>
<out_trade_no><![CDATA[VK2020051410565515284KID105655]]></out_trade_no>
<result_code><![CDATA[SUCCESS]]></result_code>
<return_code><![CDATA[SUCCESS]]></return_code>
<sign><![CDATA[21801E482D93D2CF46734F222CBB9334]]></sign>
<time_end><![CDATA[20200514105750]]></time_end>
<total_fee>1</total_fee>
<trade_type><![CDATA[NATIVE]]></trade_type>
<transaction_id><![CDATA[4200000522202005146540050278]]></transaction_id>
</xml>


